c:\users\sol\documents\school\spring 22\cs 434\finalproj\particles\x64\release\boids.ipdb
c:\users\sol\documents\school\spring 22\cs 434\finalproj\particles\x64\release\boids.iobj
c:\users\sol\documents\school\spring 22\cs 434\finalproj\particles\x64\release\vc142.pdb
c:\users\sol\documents\school\spring 22\cs 434\finalproj\particles\x64\release\main.obj
c:\users\sol\documents\school\spring 22\cs 434\finalproj\particles\x64\release\imgui_demo.obj
c:\users\sol\documents\school\spring 22\cs 434\finalproj\particles\x64\release\imgui.obj
c:\users\sol\documents\school\spring 22\cs 434\finalproj\particles\x64\release\imgui_widgets.obj
c:\users\sol\documents\school\spring 22\cs 434\finalproj\particles\x64\release\imgui_tables.obj
c:\users\sol\documents\school\spring 22\cs 434\finalproj\particles\x64\release\imgui_impl_opengl3.obj
c:\users\sol\documents\school\spring 22\cs 434\finalproj\particles\x64\release\imgui_impl_glfw.obj
c:\users\sol\documents\school\spring 22\cs 434\finalproj\particles\x64\release\imgui_draw.obj
c:\users\sol\documents\school\spring 22\cs 434\finalproj\particles\x64\release\boids.exe
c:\users\sol\documents\school\spring 22\cs 434\finalproj\particles\x64\release\boids.pdb
c:\users\sol\documents\school\spring 22\cs 434\finalproj\particles\x64\release\particles.ipdb
c:\users\sol\documents\school\spring 22\cs 434\finalproj\particles\x64\release\particles.iobj
c:\users\sol\documents\school\spring 22\cs 434\finalproj\particles\x64\release\particles.pdb
c:\users\sol\documents\school\spring 22\cs 434\finalproj\particles\x64\release\boids.tlog\boids.write.1u.tlog
c:\users\sol\documents\school\spring 22\cs 434\finalproj\particles\x64\release\boids.tlog\cl.command.1.tlog
c:\users\sol\documents\school\spring 22\cs 434\finalproj\particles\x64\release\boids.tlog\cl.read.1.tlog
c:\users\sol\documents\school\spring 22\cs 434\finalproj\particles\x64\release\boids.tlog\cl.write.1.tlog
c:\users\sol\documents\school\spring 22\cs 434\finalproj\particles\x64\release\boids.tlog\link.command.1.tlog
c:\users\sol\documents\school\spring 22\cs 434\finalproj\particles\x64\release\boids.tlog\link.read.1.tlog
c:\users\sol\documents\school\spring 22\cs 434\finalproj\particles\x64\release\boids.tlog\link.write.1.tlog
