C:\Program Files (x86)\Microsoft Visual Studio\2019\Community\MSBuild\Microsoft\VC\v160\Microsoft.CppBuild.targets(491,5): warning MSB8028: The intermediate directory (x64\Release\) contains files shared from another project (particles.vcxproj).  This can lead to incorrect clean and rebuild behavior.
  imgui.cpp
  imgui_draw.cpp
  imgui_impl_glfw.cpp
  imgui_impl_opengl3.cpp
  imgui_tables.cpp
  imgui_widgets.cpp
  main.cpp
C:\Program Files (x86)\Windows Kits\10\Include\10.0.18362.0\shared\minwindef.h(130,1): warning C4005: 'APIENTRY': macro redefinition
C:\Users\Sol\Documents\School\Spring 22\CS 434\finalprojz\finalproj\boids\include\GL\glfw3.h(98): message : see previous definition of 'APIENTRY'
C:\Users\Sol\Documents\School\Spring 22\CS 434\finalprojz\finalproj\boids\include\helpers.h(16,1): warning C4067: unexpected tokens following preprocessor directive - expected a newline
C:\Users\Sol\Documents\School\Spring 22\CS 434\finalprojz\finalproj\boids\include\helpers.h(43,46): warning C4305: 'initializing': truncation from 'double' to 'float'
C:\Users\Sol\Documents\School\Spring 22\CS 434\finalprojz\finalproj\boids\include\vertexbuffer.h(32,25): warning C4267: '=': conversion from 'size_t' to 'GLuint', possible loss of data
C:\Users\Sol\Documents\School\Spring 22\CS 434\finalprojz\finalproj\boids\include\vertexbuffer.h(33,25): warning C4267: '=': conversion from 'size_t' to 'GLuint', possible loss of data
C:\Users\Sol\Documents\School\Spring 22\CS 434\finalprojz\finalproj\boids\include\vertexbuffer.h(77,1): warning C4267: '=': conversion from 'size_t' to 'GLuint', possible loss of data
C:\Users\Sol\Documents\School\Spring 22\CS 434\finalprojz\finalproj\boids\include\vertexbuffer.h(78,1): warning C4267: '=': conversion from 'size_t' to 'GLuint', possible loss of data
C:\Users\Sol\Documents\School\Spring 22\CS 434\finalprojz\finalproj\boids\include\shapes.h(202,28): warning C4244: 'initializing': conversion from 'double' to 'GLfloat', possible loss of data
C:\Users\Sol\Documents\School\Spring 22\CS 434\finalprojz\finalproj\boids\include\shapes.h(203,26): warning C4244: 'initializing': conversion from 'double' to 'GLfloat', possible loss of data
C:\Users\Sol\Documents\School\Spring 22\CS 434\finalprojz\finalproj\boids\include\shapes.h(382,27): warning C4244: '=': conversion from 'int' to 'float', possible loss of data
C:\Users\Sol\Documents\School\Spring 22\CS 434\finalprojz\finalproj\boids\include\shapes.h(383,27): warning C4244: '=': conversion from 'int' to 'float', possible loss of data
C:\Users\Sol\Documents\School\Spring 22\CS 434\finalprojz\finalproj\boids\include\shapes.h(384,42): warning C4244: 'argument': conversion from 'int' to 'float', possible loss of data
C:\Users\Sol\Documents\School\Spring 22\CS 434\finalprojz\finalproj\boids\include\shapes.h(384,39): warning C4244: 'argument': conversion from 'int' to 'float', possible loss of data
C:\Users\Sol\Documents\School\Spring 22\CS 434\finalprojz\finalproj\boids\include\shapes.h(388,28): warning C4244: '=': conversion from 'int' to 'float', possible loss of data
C:\Users\Sol\Documents\School\Spring 22\CS 434\finalprojz\finalproj\boids\include\shapes.h(389,34): warning C4244: '=': conversion from 'int' to 'float', possible loss of data
C:\Users\Sol\Documents\School\Spring 22\CS 434\finalprojz\finalproj\boids\include\shapes.h(390,45): warning C4244: 'argument': conversion from 'int' to 'float', possible loss of data
C:\Users\Sol\Documents\School\Spring 22\CS 434\finalprojz\finalproj\boids\include\shapes.h(390,40): warning C4244: 'argument': conversion from 'int' to 'float', possible loss of data
C:\Users\Sol\Documents\School\Spring 22\CS 434\finalprojz\finalproj\boids\include\shapes.h(394,34): warning C4244: '=': conversion from 'int' to 'float', possible loss of data
C:\Users\Sol\Documents\School\Spring 22\CS 434\finalprojz\finalproj\boids\include\shapes.h(395,29): warning C4244: '=': conversion from 'int' to 'float', possible loss of data
C:\Users\Sol\Documents\School\Spring 22\CS 434\finalprojz\finalproj\boids\include\shapes.h(396,47): warning C4244: 'argument': conversion from 'int' to 'float', possible loss of data
C:\Users\Sol\Documents\School\Spring 22\CS 434\finalprojz\finalproj\boids\include\shapes.h(396,42): warning C4244: 'argument': conversion from 'int' to 'float', possible loss of data
C:\Users\Sol\Documents\School\Spring 22\CS 434\finalprojz\finalproj\boids\include\shapes.h(399,34): warning C4244: '=': conversion from 'int' to 'float', possible loss of data
C:\Users\Sol\Documents\School\Spring 22\CS 434\finalprojz\finalproj\boids\include\shapes.h(400,34): warning C4244: '=': conversion from 'int' to 'float', possible loss of data
C:\Users\Sol\Documents\School\Spring 22\CS 434\finalprojz\finalproj\boids\include\shapes.h(401,49): warning C4244: 'argument': conversion from 'int' to 'float', possible loss of data
C:\Users\Sol\Documents\School\Spring 22\CS 434\finalprojz\finalproj\boids\include\shapes.h(401,42): warning C4244: 'argument': conversion from 'int' to 'float', possible loss of data
C:\Users\Sol\Documents\School\Spring 22\CS 434\finalprojz\finalproj\boids\include\boid.h(19,8): warning C4305: 'argument': truncation from 'double' to 'float'
C:\Users\Sol\Documents\School\Spring 22\CS 434\finalprojz\finalproj\boids\include\boid.h(47,20): warning C4244: 'initializing': conversion from 'float' to 'int', possible loss of data
C:\Users\Sol\Documents\School\Spring 22\CS 434\finalprojz\finalproj\boids\include\boid.h(127,15): warning C4101: 'a': unreferenced local variable
C:\Users\Sol\Documents\School\Spring 22\CS 434\finalprojz\finalproj\boids\include\boid.h(127,27): warning C4101: 'e': unreferenced local variable
C:\Users\Sol\Documents\School\Spring 22\CS 434\finalprojz\finalproj\boids\include\boid.h(127,18): warning C4101: 'b': unreferenced local variable
C:\Users\Sol\Documents\School\Spring 22\CS 434\finalprojz\finalproj\boids\include\boid.h(127,30): warning C4101: 'f': unreferenced local variable
C:\Users\Sol\Documents\School\Spring 22\CS 434\finalprojz\finalproj\boids\include\boid.h(127,21): warning C4101: 'c': unreferenced local variable
C:\Users\Sol\Documents\School\Spring 22\CS 434\finalprojz\finalproj\boids\include\boid.h(127,24): warning C4101: 'd': unreferenced local variable
C:\Users\Sol\Documents\School\Spring 22\CS 434\finalprojz\finalproj\boids\include\spatialdiv.h(15,12): warning C4305: 'initializing': truncation from '__int64' to 'int'
C:\Users\Sol\Documents\School\Spring 22\CS 434\finalprojz\finalproj\boids\include\spatialdiv.h(15,14): warning C4309: 'initializing': truncation of constant value
C:\Users\Sol\Documents\School\Spring 22\CS 434\finalprojz\finalproj\boids\include\spatialdiv.h(16,12): warning C4305: 'initializing': truncation from '__int64' to 'int'
C:\Users\Sol\Documents\School\Spring 22\CS 434\finalprojz\finalproj\boids\include\spatialdiv.h(16,14): warning C4309: 'initializing': truncation of constant value
C:\Users\Sol\Documents\School\Spring 22\CS 434\finalprojz\finalproj\boids\include\spatialdiv.h(17,12): warning C4305: 'initializing': truncation from '__int64' to 'int'
C:\Users\Sol\Documents\School\Spring 22\CS 434\finalprojz\finalproj\boids\include\spatialdiv.h(17,14): warning C4309: 'initializing': truncation of constant value
C:\Users\Sol\Documents\School\Spring 22\CS 434\finalprojz\finalproj\boids\include\spatialdiv.h(71,15): warning C4244: 'initializing': conversion from 'float' to 'int', possible loss of data
C:\Users\Sol\Documents\School\Spring 22\CS 434\finalprojz\finalproj\boids\include\spatialdiv.h(72,15): warning C4244: 'initializing': conversion from 'float' to 'int', possible loss of data
C:\Users\Sol\Documents\School\Spring 22\CS 434\finalprojz\finalproj\boids\include\spatialdiv.h(73,15): warning C4244: 'initializing': conversion from 'float' to 'int', possible loss of data
C:\Users\Sol\Documents\School\Spring 22\CS 434\finalprojz\finalproj\boids\include\spatialdiv.h(78,15): warning C4244: 'initializing': conversion from 'float' to 'int', possible loss of data
C:\Users\Sol\Documents\School\Spring 22\CS 434\finalprojz\finalproj\boids\include\spatialdiv.h(79,15): warning C4244: 'initializing': conversion from 'float' to 'int', possible loss of data
C:\Users\Sol\Documents\School\Spring 22\CS 434\finalprojz\finalproj\boids\include\spatialdiv.h(80,15): warning C4244: 'initializing': conversion from 'float' to 'int', possible loss of data
C:\Users\Sol\Documents\School\Spring 22\CS 434\finalprojz\finalproj\boids\include\flock.h(116,17): warning C4244: 'initializing': conversion from 'float' to 'int', possible loss of data
C:\Users\Sol\Documents\School\Spring 22\CS 434\finalprojz\finalproj\boids\include\flock.h(117,55): warning C4244: 'argument': conversion from 'float' to 'int', possible loss of data
C:\Users\Sol\Documents\School\Spring 22\CS 434\finalprojz\finalproj\boids\include\flock.h(223,18): warning C4244: 'initializing': conversion from 'double' to 'float', possible loss of data
C:\Users\Sol\Documents\School\Spring 22\CS 434\finalprojz\finalproj\boids\include\flock.h(224,18): warning C4244: 'initializing': conversion from 'double' to 'float', possible loss of data
C:\Users\Sol\Documents\School\Spring 22\CS 434\finalprojz\finalproj\boids\include\flock.h(318,1): warning C4244: '+=': conversion from 'float' to 'int', possible loss of data
C:\Users\Sol\Documents\School\Spring 22\CS 434\finalprojz\finalproj\boids\include\flock.h(471,19): warning C4244: 'argument': conversion from 'time_t' to 'unsigned int', possible loss of data
C:\Users\Sol\Documents\School\Spring 22\CS 434\finalprojz\finalproj\boids\include\flock.h(622,1): warning C4305: 'argument': truncation from 'double' to 'float'
C:\Users\Sol\Documents\School\Spring 22\CS 434\finalprojz\finalproj\boids\include\flock.h(629,1): warning C4305: 'argument': truncation from 'double' to 'float'
C:\Users\Sol\Documents\School\Spring 22\CS 434\finalprojz\finalproj\boids\include\gui.h(277,48): warning C4244: 'argument': conversion from 'int' to 'float', possible loss of data
C:\Users\Sol\Documents\School\Spring 22\CS 434\finalprojz\finalproj\boids\include\gui.h(277,29): warning C4244: 'argument': conversion from 'int' to 'float', possible loss of data
C:\Users\Sol\Documents\School\Spring 22\CS 434\finalprojz\finalproj\boids\main.cpp(146,71): warning C4244: 'argument': conversion from 'double' to 'float', possible loss of data
C:\Users\Sol\Documents\School\Spring 22\CS 434\finalprojz\finalproj\boids\main.cpp(167,48): warning C4244: 'argument': conversion from 'double' to 'float', possible loss of data
C:\Users\Sol\Documents\School\Spring 22\CS 434\finalprojz\finalproj\boids\main.cpp(167,45): warning C4244: 'argument': conversion from 'double' to 'float', possible loss of data
C:\Users\Sol\Documents\School\Spring 22\CS 434\finalprojz\finalproj\boids\main.cpp(180,44): warning C4244: 'argument': conversion from 'double' to 'float', possible loss of data
C:\Users\Sol\Documents\School\Spring 22\CS 434\finalprojz\finalproj\boids\main.cpp(180,41): warning C4244: 'argument': conversion from 'double' to 'float', possible loss of data
C:\Users\Sol\Documents\School\Spring 22\CS 434\finalprojz\finalproj\boids\main.cpp(187,35): warning C4244: '=': conversion from 'double' to 'float', possible loss of data
C:\Users\Sol\Documents\School\Spring 22\CS 434\finalprojz\finalproj\boids\main.cpp(188,35): warning C4244: '=': conversion from 'double' to 'float', possible loss of data
C:\Users\Sol\Documents\School\Spring 22\CS 434\finalprojz\finalproj\boids\main.cpp(257,20): warning C4244: 'initializing': conversion from 'double' to 'float', possible loss of data
C:\Users\Sol\Documents\School\Spring 22\CS 434\finalprojz\finalproj\boids\main.cpp(262,31): warning C4244: '=': conversion from 'float' to 'int', possible loss of data
  Generating code
  0 of 2757 functions ( 0.0%) were compiled, the rest were copied from previous compilation.
    0 functions were new in current compilation
    0 functions had inline decision re-evaluated but remain unchanged
  Finished generating code
  particles.vcxproj -> C:\Users\Sol\Documents\School\Spring 22\CS 434\finalprojz\finalproj\boids\x64\Release\boids.exe
